  [1m[35m (455.5ms)[0m  [1m[35mCREATE DATABASE "Playground_development" ENCODING = 'unicode'[0m
  [1m[35m (425.5ms)[0m  [1m[35mCREATE DATABASE "Playground_test" ENCODING = 'unicode'[0m
Started GET "/" for ::1 at 2021-01-13 16:16:22 -0500
Processing by Rails::WelcomeController#index as HTML
  Rendering /Users/alyssaeasterly/.rvm/gems/ruby-2.6.1/gems/railties-6.0.3.4/lib/rails/templates/rails/welcome/index.html.erb
  Rendered /Users/alyssaeasterly/.rvm/gems/ruby-2.6.1/gems/railties-6.0.3.4/lib/rails/templates/rails/welcome/index.html.erb (Duration: 14.5ms | Allocations: 481)
Completed 200 OK in 30ms (Views: 26.2ms | ActiveRecord: 0.0ms | Allocations: 2635)


  [1m[35m (64.9ms)[0m  [1m[35mCREATE TABLE "schema_migrations" ("version" character varying NOT NULL PRIMARY KEY)[0m
  [1m[35m (242.6ms)[0m  [1m[35mCREATE TABLE "ar_internal_metadata" ("key" character varying NOT NULL PRIMARY KEY, "value" character varying, "created_at" timestamp(6) NOT NULL, "updated_at" timestamp(6) NOT NULL)[0m
  [1m[35m (0.6ms)[0m  [1m[34mSELECT "schema_migrations"."version" FROM "schema_migrations" ORDER BY "schema_migrations"."version" ASC[0m
  [1m[35m (12.4ms)[0m  [1m[34mSELECT pg_try_advisory_lock(1514166304748915370)[0m
  [1m[35m (0.8ms)[0m  [1m[34mSELECT "schema_migrations"."version" FROM "schema_migrations" ORDER BY "schema_migrations"."version" ASC[0m
Migrating to CreateUsers (20210113221448)
  [1m[35m (0.1ms)[0m  [1m[35mBEGIN[0m
  [1m[35m (96.2ms)[0m  [1m[35mCREATE TABLE "users" ("id" bigserial primary key, "username" character varying, "password" character varying, "avatar" character varying, "created_at" timestamp(6) NOT NULL, "updated_at" timestamp(6) NOT NULL)[0m
  [1m[36mprimary::SchemaMigration Create (5.2ms)[0m  [1m[32mINSERT INTO "schema_migrations" ("version") VALUES ($1) RETURNING "version"[0m  [["version", "20210113221448"]]
  [1m[35m (0.5ms)[0m  [1m[35mCOMMIT[0m
Migrating to CreateActivities (20210113221641)
  [1m[35m (5.9ms)[0m  [1m[35mBEGIN[0m
  [1m[35m (19.0ms)[0m  [1m[35mCREATE TABLE "activities" ("id" bigserial primary key, "name" character varying, "video_link" character varying, "avatar" character varying, "created_at" timestamp(6) NOT NULL, "updated_at" timestamp(6) NOT NULL)[0m
  [1m[36mprimary::SchemaMigration Create (0.2ms)[0m  [1m[32mINSERT INTO "schema_migrations" ("version") VALUES ($1) RETURNING "version"[0m  [["version", "20210113221641"]]
  [1m[35m (0.4ms)[0m  [1m[35mCOMMIT[0m
Migrating to CreateDrawings (20210113221747)
  [1m[35m (9.9ms)[0m  [1m[35mBEGIN[0m
  [1m[35m (40.1ms)[0m  [1m[35mCREATE TABLE "drawings" ("id" bigserial primary key, "svgdrawing" character varying, "created_at" timestamp(6) NOT NULL, "updated_at" timestamp(6) NOT NULL)[0m
  [1m[36mprimary::SchemaMigration Create (0.3ms)[0m  [1m[32mINSERT INTO "schema_migrations" ("version") VALUES ($1) RETURNING "version"[0m  [["version", "20210113221747"]]
  [1m[35m (4.8ms)[0m  [1m[35mCOMMIT[0m
Migrating to CreateFavoriteActivities (20210113221830)
  [1m[35m (14.3ms)[0m  [1m[35mBEGIN[0m
  [1m[35m (13.9ms)[0m  [1m[35mCREATE TABLE "favorite_activities" ("id" bigserial primary key, "user_id" integer, "activity_id" integer, "created_at" timestamp(6) NOT NULL, "updated_at" timestamp(6) NOT NULL)[0m
  [1m[36mprimary::SchemaMigration Create (0.3ms)[0m  [1m[32mINSERT INTO "schema_migrations" ("version") VALUES ($1) RETURNING "version"[0m  [["version", "20210113221830"]]
  [1m[35m (0.4ms)[0m  [1m[35mCOMMIT[0m
Migrating to CreateFavoriteDrawings (20210113221925)
  [1m[35m (5.9ms)[0m  [1m[35mBEGIN[0m
  [1m[35m (13.2ms)[0m  [1m[35mCREATE TABLE "favorite_drawings" ("id" bigserial primary key, "user_id" integer, "drawing_id" integer, "creator" boolean, "created_at" timestamp(6) NOT NULL, "updated_at" timestamp(6) NOT NULL)[0m
  [1m[36mprimary::SchemaMigration Create (0.3ms)[0m  [1m[32mINSERT INTO "schema_migrations" ("version") VALUES ($1) RETURNING "version"[0m  [["version", "20210113221925"]]
  [1m[35m (12.9ms)[0m  [1m[35mCOMMIT[0m
  [1m[36mActiveRecord::InternalMetadata Load (19.7ms)[0m  [1m[34mSELECT "ar_internal_metadata".* FROM "ar_internal_metadata" WHERE "ar_internal_metadata"."key" = $1 LIMIT $2[0m  [["key", "environment"], ["LIMIT", 1]]
  [1m[35m (0.2ms)[0m  [1m[35mBEGIN[0m
  [1m[36mActiveRecord::InternalMetadata Create (24.6ms)[0m  [1m[32mINSERT INTO "ar_internal_metadata" ("key", "value", "created_at", "updated_at") VALUES ($1, $2, $3, $4) RETURNING "key"[0m  [["key", "environment"], ["value", "development"], ["created_at", "2021-01-14 16:33:04.608069"], ["updated_at", "2021-01-14 16:33:04.608069"]]
  [1m[35m (0.4ms)[0m  [1m[35mCOMMIT[0m
  [1m[35m (0.3ms)[0m  [1m[34mSELECT pg_advisory_unlock(1514166304748915370)[0m
  [1m[35m (1.5ms)[0m  [1m[34mSELECT "schema_migrations"."version" FROM "schema_migrations" ORDER BY "schema_migrations"."version" ASC[0m
  [1m[35m (0.5ms)[0m  [1m[34mSELECT "schema_migrations"."version" FROM "schema_migrations" ORDER BY "schema_migrations"."version" ASC[0m
  [1m[35m (0.7ms)[0m  [1m[34mSELECT "schema_migrations"."version" FROM "schema_migrations" ORDER BY "schema_migrations"."version" ASC[0m
  [1m[35m (0.7ms)[0m  [1m[34mSELECT "schema_migrations"."version" FROM "schema_migrations" ORDER BY "schema_migrations"."version" ASC[0m
  [1m[35m (0.5ms)[0m  [1m[34mSELECT "schema_migrations"."version" FROM "schema_migrations" ORDER BY "schema_migrations"."version" ASC[0m
  [1m[36mUser Load (7.1ms)[0m  [1m[34mSELECT "users".* FROM "users"[0m
  [1m[36mActivity Load (2.6ms)[0m  [1m[34mSELECT "activities".* FROM "activities"[0m
  [1m[36mDrawing Load (2.2ms)[0m  [1m[34mSELECT "drawings".* FROM "drawings"[0m
  [1m[35m (0.6ms)[0m  [1m[34mSELECT "schema_migrations"."version" FROM "schema_migrations" ORDER BY "schema_migrations"."version" ASC[0m
  [1m[36mUser Load (0.7ms)[0m  [1m[34mSELECT "users".* FROM "users"[0m
  [1m[36mActivity Load (0.4ms)[0m  [1m[34mSELECT "activities".* FROM "activities"[0m
  [1m[36mDrawing Load (0.5ms)[0m  [1m[34mSELECT "drawings".* FROM "drawings"[0m
  [1m[36mFavoriteActivity Load (2.2ms)[0m  [1m[34mSELECT "favorite_activities".* FROM "favorite_activities"[0m
  [1m[36mFavoriteDrawing Load (2.2ms)[0m  [1m[34mSELECT "favorite_drawings".* FROM "favorite_drawings"[0m
  [1m[35m (0.1ms)[0m  [1m[35mBEGIN[0m
  [1m[36mUser Create (7.5ms)[0m  [1m[32mINSERT INTO "users" ("username", "password", "avatar", "created_at", "updated_at") VALUES ($1, $2, $3, $4, $5) RETURNING "id"[0m  [["username", "LovelyLeo"], ["password", "123"], ["avatar", ""], ["created_at", "2021-01-14 16:35:25.957430"], ["updated_at", "2021-01-14 16:35:25.957430"]]
  [1m[35m (4.8ms)[0m  [1m[35mCOMMIT[0m
  [1m[35m (0.1ms)[0m  [1m[35mBEGIN[0m
  [1m[36mUser Create (0.2ms)[0m  [1m[32mINSERT INTO "users" ("username", "password", "avatar", "created_at", "updated_at") VALUES ($1, $2, $3, $4, $5) RETURNING "id"[0m  [["username", "LilacBloomin"], ["password", "123"], ["avatar", ""], ["created_at", "2021-01-14 16:35:25.973380"], ["updated_at", "2021-01-14 16:35:25.973380"]]
  [1m[35m (0.5ms)[0m  [1m[35mCOMMIT[0m
  [1m[35m (0.1ms)[0m  [1m[35mBEGIN[0m
  [1m[36mUser Create (1.0ms)[0m  [1m[32mINSERT INTO "users" ("username", "password", "avatar", "created_at", "updated_at") VALUES ($1, $2, $3, $4, $5) RETURNING "id"[0m  [["username", "RedTruckin"], ["password", "123"], ["avatar", ""], ["created_at", "2021-01-14 16:35:25.976810"], ["updated_at", "2021-01-14 16:35:25.976810"]]
  [1m[35m (0.4ms)[0m  [1m[35mCOMMIT[0m
  [1m[35m (0.1ms)[0m  [1m[35mBEGIN[0m
  [1m[36mActivity Create (1.1ms)[0m  [1m[32mINSERT INTO "activities" ("name", "video_link", "avatar", "created_at", "updated_at") VALUES ($1, $2, $3, $4, $5) RETURNING "id"[0m  [["name", "music"], ["video_link", ""], ["avatar", ""], ["created_at", "2021-01-14 16:35:25.988826"], ["updated_at", "2021-01-14 16:35:25.988826"]]
  [1m[35m (0.5ms)[0m  [1m[35mCOMMIT[0m
  [1m[35m (0.1ms)[0m  [1m[35mBEGIN[0m
  [1m[36mActivity Create (0.2ms)[0m  [1m[32mINSERT INTO "activities" ("name", "video_link", "avatar", "created_at", "updated_at") VALUES ($1, $2, $3, $4, $5) RETURNING "id"[0m  [["name", "games"], ["video_link", ""], ["avatar", ""], ["created_at", "2021-01-14 16:35:25.993248"], ["updated_at", "2021-01-14 16:35:25.993248"]]
  [1m[35m (0.5ms)[0m  [1m[35mCOMMIT[0m
  [1m[35m (0.2ms)[0m  [1m[35mBEGIN[0m
  [1m[36mActivity Create (0.3ms)[0m  [1m[32mINSERT INTO "activities" ("name", "video_link", "avatar", "created_at", "updated_at") VALUES ($1, $2, $3, $4, $5) RETURNING "id"[0m  [["name", "puppets"], ["video_link", ""], ["avatar", ""], ["created_at", "2021-01-14 16:35:25.999761"], ["updated_at", "2021-01-14 16:35:25.999761"]]
  [1m[35m (0.4ms)[0m  [1m[35mCOMMIT[0m
  [1m[35m (0.1ms)[0m  [1m[35mBEGIN[0m
  [1m[36mActivity Create (0.2ms)[0m  [1m[32mINSERT INTO "activities" ("name", "video_link", "avatar", "created_at", "updated_at") VALUES ($1, $2, $3, $4, $5) RETURNING "id"[0m  [["name", "nap time"], ["video_link", ""], ["avatar", ""], ["created_at", "2021-01-14 16:35:26.004782"], ["updated_at", "2021-01-14 16:35:26.004782"]]
  [1m[35m (0.4ms)[0m  [1m[35mCOMMIT[0m
  [1m[35m (0.1ms)[0m  [1m[35mBEGIN[0m
  [1m[36mActivity Create (0.5ms)[0m  [1m[32mINSERT INTO "activities" ("name", "video_link", "avatar", "created_at", "updated_at") VALUES ($1, $2, $3, $4, $5) RETURNING "id"[0m  [["name", "sidewalk art"], ["video_link", ""], ["avatar", ""], ["created_at", "2021-01-14 16:35:26.008022"], ["updated_at", "2021-01-14 16:35:26.008022"]]
  [1m[35m (0.4ms)[0m  [1m[35mCOMMIT[0m
  [1m[35m (0.9ms)[0m  [1m[34mSELECT "schema_migrations"."version" FROM "schema_migrations" ORDER BY "schema_migrations"."version" ASC[0m
  [1m[36mUser Load (6.8ms)[0m  [1m[34mSELECT "users".* FROM "users"[0m
  [1m[35m (0.2ms)[0m  [1m[35mBEGIN[0m
  [1m[36mUser Destroy (28.0ms)[0m  [1m[31mDELETE FROM "users" WHERE "users"."id" = $1[0m  [["id", 1]]
  [1m[35m (6.3ms)[0m  [1m[35mCOMMIT[0m
  [1m[35m (0.2ms)[0m  [1m[35mBEGIN[0m
  [1m[36mUser Destroy (0.2ms)[0m  [1m[31mDELETE FROM "users" WHERE "users"."id" = $1[0m  [["id", 2]]
  [1m[35m (0.5ms)[0m  [1m[35mCOMMIT[0m
  [1m[35m (0.1ms)[0m  [1m[35mBEGIN[0m
  [1m[36mUser Destroy (0.3ms)[0m  [1m[31mDELETE FROM "users" WHERE "users"."id" = $1[0m  [["id", 3]]
  [1m[35m (0.5ms)[0m  [1m[35mCOMMIT[0m
  [1m[36mActivity Load (0.4ms)[0m  [1m[34mSELECT "activities".* FROM "activities"[0m
  [1m[35m (0.1ms)[0m  [1m[35mBEGIN[0m
  [1m[36mActivity Destroy (0.2ms)[0m  [1m[31mDELETE FROM "activities" WHERE "activities"."id" = $1[0m  [["id", 1]]
  [1m[35m (6.5ms)[0m  [1m[35mCOMMIT[0m
  [1m[35m (0.2ms)[0m  [1m[35mBEGIN[0m
  [1m[36mActivity Destroy (0.6ms)[0m  [1m[31mDELETE FROM "activities" WHERE "activities"."id" = $1[0m  [["id", 2]]
  [1m[35m (3.7ms)[0m  [1m[35mCOMMIT[0m
  [1m[35m (1.1ms)[0m  [1m[35mBEGIN[0m
  [1m[36mActivity Destroy (0.6ms)[0m  [1m[31mDELETE FROM "activities" WHERE "activities"."id" = $1[0m  [["id", 3]]
  [1m[35m (1.0ms)[0m  [1m[35mCOMMIT[0m
  [1m[35m (0.1ms)[0m  [1m[35mBEGIN[0m
  [1m[36mActivity Destroy (0.2ms)[0m  [1m[31mDELETE FROM "activities" WHERE "activities"."id" = $1[0m  [["id", 4]]
  [1m[35m (0.4ms)[0m  [1m[35mCOMMIT[0m
  [1m[35m (0.1ms)[0m  [1m[35mBEGIN[0m
  [1m[36mActivity Destroy (0.2ms)[0m  [1m[31mDELETE FROM "activities" WHERE "activities"."id" = $1[0m  [["id", 5]]
  [1m[35m (0.4ms)[0m  [1m[35mCOMMIT[0m
  [1m[36mDrawing Load (0.4ms)[0m  [1m[34mSELECT "drawings".* FROM "drawings"[0m
  [1m[36mFavoriteActivity Load (0.6ms)[0m  [1m[34mSELECT "favorite_activities".* FROM "favorite_activities"[0m
  [1m[36mFavoriteDrawing Load (0.4ms)[0m  [1m[34mSELECT "favorite_drawings".* FROM "favorite_drawings"[0m
  [1m[35m (0.2ms)[0m  [1m[35mBEGIN[0m
  [1m[36mUser Create (0.4ms)[0m  [1m[32mINSERT INTO "users" ("username", "password", "avatar", "created_at", "updated_at") VALUES ($1, $2, $3, $4, $5) RETURNING "id"[0m  [["username", "LovelyLeo"], ["password", "123"], ["avatar", ""], ["created_at", "2021-01-14 16:36:20.369217"], ["updated_at", "2021-01-14 16:36:20.369217"]]
  [1m[35m (6.4ms)[0m  [1m[35mCOMMIT[0m
  [1m[35m (0.1ms)[0m  [1m[35mBEGIN[0m
  [1m[36mUser Create (0.2ms)[0m  [1m[32mINSERT INTO "users" ("username", "password", "avatar", "created_at", "updated_at") VALUES ($1, $2, $3, $4, $5) RETURNING "id"[0m  [["username", "LilacBloomin"], ["password", "123"], ["avatar", ""], ["created_at", "2021-01-14 16:36:20.379766"], ["updated_at", "2021-01-14 16:36:20.379766"]]
  [1m[35m (11.7ms)[0m  [1m[35mCOMMIT[0m
  [1m[35m (0.1ms)[0m  [1m[35mBEGIN[0m
  [1m[36mUser Create (0.3ms)[0m  [1m[32mINSERT INTO "users" ("username", "password", "avatar", "created_at", "updated_at") VALUES ($1, $2, $3, $4, $5) RETURNING "id"[0m  [["username", "RedTruckin"], ["password", "123"], ["avatar", ""], ["created_at", "2021-01-14 16:36:20.395939"], ["updated_at", "2021-01-14 16:36:20.395939"]]
  [1m[35m (0.4ms)[0m  [1m[35mCOMMIT[0m
  [1m[35m (0.1ms)[0m  [1m[35mBEGIN[0m
  [1m[36mActivity Create (0.3ms)[0m  [1m[32mINSERT INTO "activities" ("name", "video_link", "avatar", "created_at", "updated_at") VALUES ($1, $2, $3, $4, $5) RETURNING "id"[0m  [["name", "music"], ["video_link", ""], ["avatar", ""], ["created_at", "2021-01-14 16:36:20.399789"], ["updated_at", "2021-01-14 16:36:20.399789"]]
  [1m[35m (0.4ms)[0m  [1m[35mCOMMIT[0m
  [1m[35m (0.1ms)[0m  [1m[35mBEGIN[0m
  [1m[36mActivity Create (0.3ms)[0m  [1m[32mINSERT INTO "activities" ("name", "video_link", "avatar", "created_at", "updated_at") VALUES ($1, $2, $3, $4, $5) RETURNING "id"[0m  [["name", "games"], ["video_link", ""], ["avatar", ""], ["created_at", "2021-01-14 16:36:20.403468"], ["updated_at", "2021-01-14 16:36:20.403468"]]
  [1m[35m (0.4ms)[0m  [1m[35mCOMMIT[0m
  [1m[35m (0.1ms)[0m  [1m[35mBEGIN[0m
  [1m[36mActivity Create (0.5ms)[0m  [1m[32mINSERT INTO "activities" ("name", "video_link", "avatar", "created_at", "updated_at") VALUES ($1, $2, $3, $4, $5) RETURNING "id"[0m  [["name", "puppets"], ["video_link", ""], ["avatar", ""], ["created_at", "2021-01-14 16:36:20.408017"], ["updated_at", "2021-01-14 16:36:20.408017"]]
  [1m[35m (0.4ms)[0m  [1m[35mCOMMIT[0m
  [1m[35m (0.2ms)[0m  [1m[35mBEGIN[0m
  [1m[36mActivity Create (0.7ms)[0m  [1m[32mINSERT INTO "activities" ("name", "video_link", "avatar", "created_at", "updated_at") VALUES ($1, $2, $3, $4, $5) RETURNING "id"[0m  [["name", "nap time"], ["video_link", ""], ["avatar", ""], ["created_at", "2021-01-14 16:36:20.412419"], ["updated_at", "2021-01-14 16:36:20.412419"]]
  [1m[35m (0.4ms)[0m  [1m[35mCOMMIT[0m
  [1m[35m (0.2ms)[0m  [1m[35mBEGIN[0m
  [1m[36mActivity Create (0.2ms)[0m  [1m[32mINSERT INTO "activities" ("name", "video_link", "avatar", "created_at", "updated_at") VALUES ($1, $2, $3, $4, $5) RETURNING "id"[0m  [["name", "sidewalk art"], ["video_link", ""], ["avatar", ""], ["created_at", "2021-01-14 16:36:20.417110"], ["updated_at", "2021-01-14 16:36:20.417110"]]
  [1m[35m (0.5ms)[0m  [1m[35mCOMMIT[0m
  [1m[35m (0.1ms)[0m  [1m[35mBEGIN[0m
  [1m[36mDrawing Create (1.2ms)[0m  [1m[32mINSERT INTO "drawings" ("svgdrawing", "created_at", "updated_at") VALUES ($1, $2, $3) RETURNING "id"[0m  [["svgdrawing", ""], ["created_at", "2021-01-14 16:36:20.427779"], ["updated_at", "2021-01-14 16:36:20.427779"]]
  [1m[35m (0.5ms)[0m  [1m[35mCOMMIT[0m
  [1m[35m (0.1ms)[0m  [1m[35mBEGIN[0m
  [1m[36mDrawing Create (0.2ms)[0m  [1m[32mINSERT INTO "drawings" ("svgdrawing", "created_at", "updated_at") VALUES ($1, $2, $3) RETURNING "id"[0m  [["svgdrawing", ""], ["created_at", "2021-01-14 16:36:20.433520"], ["updated_at", "2021-01-14 16:36:20.433520"]]
  [1m[35m (0.4ms)[0m  [1m[35mCOMMIT[0m
  [1m[35m (0.2ms)[0m  [1m[35mBEGIN[0m
  [1m[36mDrawing Create (0.3ms)[0m  [1m[32mINSERT INTO "drawings" ("svgdrawing", "created_at", "updated_at") VALUES ($1, $2, $3) RETURNING "id"[0m  [["svgdrawing", ""], ["created_at", "2021-01-14 16:36:20.437635"], ["updated_at", "2021-01-14 16:36:20.437635"]]
  [1m[35m (0.4ms)[0m  [1m[35mCOMMIT[0m
  [1m[36mUser Load (0.3ms)[0m  [1m[34mSELECT "users".* FROM "users" LIMIT $1[0m  [["LIMIT", 11]]
  [1m[36mActivity Load (0.5ms)[0m  [1m[34mSELECT "activities".* FROM "activities" LIMIT $1[0m  [["LIMIT", 11]]
  [1m[35m (0.6ms)[0m  [1m[34mSELECT "schema_migrations"."version" FROM "schema_migrations" ORDER BY "schema_migrations"."version" ASC[0m
  [1m[36mUser Load (0.5ms)[0m  [1m[34mSELECT "users".* FROM "users"[0m
  [1m[35m (0.1ms)[0m  [1m[35mBEGIN[0m
  [1m[36mUser Destroy (0.3ms)[0m  [1m[31mDELETE FROM "users" WHERE "users"."id" = $1[0m  [["id", 4]]
  [1m[35m (6.1ms)[0m  [1m[35mCOMMIT[0m
  [1m[35m (0.2ms)[0m  [1m[35mBEGIN[0m
  [1m[36mUser Destroy (0.4ms)[0m  [1m[31mDELETE FROM "users" WHERE "users"."id" = $1[0m  [["id", 5]]
  [1m[35m (6.0ms)[0m  [1m[35mCOMMIT[0m
  [1m[35m (0.2ms)[0m  [1m[35mBEGIN[0m
  [1m[36mUser Destroy (0.2ms)[0m  [1m[31mDELETE FROM "users" WHERE "users"."id" = $1[0m  [["id", 6]]
  [1m[35m (0.5ms)[0m  [1m[35mCOMMIT[0m
  [1m[36mActivity Load (0.4ms)[0m  [1m[34mSELECT "activities".* FROM "activities"[0m
  [1m[35m (0.1ms)[0m  [1m[35mBEGIN[0m
  [1m[36mActivity Destroy (0.3ms)[0m  [1m[31mDELETE FROM "activities" WHERE "activities"."id" = $1[0m  [["id", 6]]
  [1m[35m (6.5ms)[0m  [1m[35mCOMMIT[0m
  [1m[35m (0.2ms)[0m  [1m[35mBEGIN[0m
  [1m[36mActivity Destroy (0.2ms)[0m  [1m[31mDELETE FROM "activities" WHERE "activities"."id" = $1[0m  [["id", 7]]
  [1m[35m (5.1ms)[0m  [1m[35mCOMMIT[0m
  [1m[35m (0.2ms)[0m  [1m[35mBEGIN[0m
  [1m[36mActivity Destroy (0.2ms)[0m  [1m[31mDELETE FROM "activities" WHERE "activities"."id" = $1[0m  [["id", 8]]
  [1m[35m (0.5ms)[0m  [1m[35mCOMMIT[0m
  [1m[35m (0.1ms)[0m  [1m[35mBEGIN[0m
  [1m[36mActivity Destroy (0.2ms)[0m  [1m[31mDELETE FROM "activities" WHERE "activities"."id" = $1[0m  [["id", 9]]
  [1m[35m (0.5ms)[0m  [1m[35mCOMMIT[0m
  [1m[35m (0.1ms)[0m  [1m[35mBEGIN[0m
  [1m[36mActivity Destroy (0.5ms)[0m  [1m[31mDELETE FROM "activities" WHERE "activities"."id" = $1[0m  [["id", 10]]
  [1m[35m (0.5ms)[0m  [1m[35mCOMMIT[0m
  [1m[36mDrawing Load (0.4ms)[0m  [1m[34mSELECT "drawings".* FROM "drawings"[0m
  [1m[35m (0.1ms)[0m  [1m[35mBEGIN[0m
  [1m[36mDrawing Destroy (0.3ms)[0m  [1m[31mDELETE FROM "drawings" WHERE "drawings"."id" = $1[0m  [["id", 1]]
  [1m[35m (5.8ms)[0m  [1m[35mCOMMIT[0m
  [1m[35m (0.2ms)[0m  [1m[35mBEGIN[0m
  [1m[36mDrawing Destroy (0.3ms)[0m  [1m[31mDELETE FROM "drawings" WHERE "drawings"."id" = $1[0m  [["id", 2]]
  [1m[35m (20.6ms)[0m  [1m[35mCOMMIT[0m
  [1m[35m (0.2ms)[0m  [1m[35mBEGIN[0m
  [1m[36mDrawing Destroy (0.3ms)[0m  [1m[31mDELETE FROM "drawings" WHERE "drawings"."id" = $1[0m  [["id", 3]]
  [1m[35m (0.5ms)[0m  [1m[35mCOMMIT[0m
  [1m[36mFavoriteActivity Load (0.5ms)[0m  [1m[34mSELECT "favorite_activities".* FROM "favorite_activities"[0m
  [1m[36mFavoriteDrawing Load (0.4ms)[0m  [1m[34mSELECT "favorite_drawings".* FROM "favorite_drawings"[0m
  [1m[35m (0.1ms)[0m  [1m[35mBEGIN[0m
  [1m[36mUser Create (0.4ms)[0m  [1m[32mINSERT INTO "users" ("username", "password", "avatar", "created_at", "updated_at") VALUES ($1, $2, $3, $4, $5) RETURNING "id"[0m  [["username", "LovelyLeo"], ["password", "123"], ["avatar", ""], ["created_at", "2021-01-14 16:38:10.823364"], ["updated_at", "2021-01-14 16:38:10.823364"]]
  [1m[35m (5.8ms)[0m  [1m[35mCOMMIT[0m
  [1m[35m (0.1ms)[0m  [1m[35mBEGIN[0m
  [1m[36mUser Create (0.2ms)[0m  [1m[32mINSERT INTO "users" ("username", "password", "avatar", "created_at", "updated_at") VALUES ($1, $2, $3, $4, $5) RETURNING "id"[0m  [["username", "LilacBloomin"], ["password", "123"], ["avatar", ""], ["created_at", "2021-01-14 16:38:10.834642"], ["updated_at", "2021-01-14 16:38:10.834642"]]
  [1m[35m (11.2ms)[0m  [1m[35mCOMMIT[0m
  [1m[35m (0.1ms)[0m  [1m[35mBEGIN[0m
  [1m[36mUser Create (0.4ms)[0m  [1m[32mINSERT INTO "users" ("username", "password", "avatar", "created_at", "updated_at") VALUES ($1, $2, $3, $4, $5) RETURNING "id"[0m  [["username", "RedTruckin"], ["password", "123"], ["avatar", ""], ["created_at", "2021-01-14 16:38:10.848958"], ["updated_at", "2021-01-14 16:38:10.848958"]]
  [1m[35m (0.5ms)[0m  [1m[35mCOMMIT[0m
  [1m[35m (0.1ms)[0m  [1m[35mBEGIN[0m
  [1m[36mActivity Create (0.4ms)[0m  [1m[32mINSERT INTO "activities" ("name", "video_link", "avatar", "created_at", "updated_at") VALUES ($1, $2, $3, $4, $5) RETURNING "id"[0m  [["name", "music"], ["video_link", ""], ["avatar", ""], ["created_at", "2021-01-14 16:38:10.853182"], ["updated_at", "2021-01-14 16:38:10.853182"]]
  [1m[35m (0.4ms)[0m  [1m[35mCOMMIT[0m
  [1m[35m (0.2ms)[0m  [1m[35mBEGIN[0m
  [1m[36mActivity Create (0.3ms)[0m  [1m[32mINSERT INTO "activities" ("name", "video_link", "avatar", "created_at", "updated_at") VALUES ($1, $2, $3, $4, $5) RETURNING "id"[0m  [["name", "games"], ["video_link", ""], ["avatar", ""], ["created_at", "2021-01-14 16:38:10.857768"], ["updated_at", "2021-01-14 16:38:10.857768"]]
  [1m[35m (0.3ms)[0m  [1m[35mCOMMIT[0m
  [1m[35m (0.1ms)[0m  [1m[35mBEGIN[0m
  [1m[36mActivity Create (0.4ms)[0m  [1m[32mINSERT INTO "activities" ("name", "video_link", "avatar", "created_at", "updated_at") VALUES ($1, $2, $3, $4, $5) RETURNING "id"[0m  [["name", "puppets"], ["video_link", ""], ["avatar", ""], ["created_at", "2021-01-14 16:38:10.862897"], ["updated_at", "2021-01-14 16:38:10.862897"]]
  [1m[35m (5.7ms)[0m  [1m[35mCOMMIT[0m
  [1m[35m (0.1ms)[0m  [1m[35mBEGIN[0m
  [1m[36mActivity Create (0.2ms)[0m  [1m[32mINSERT INTO "activities" ("name", "video_link", "avatar", "created_at", "updated_at") VALUES ($1, $2, $3, $4, $5) RETURNING "id"[0m  [["name", "nap time"], ["video_link", ""], ["avatar", ""], ["created_at", "2021-01-14 16:38:10.871870"], ["updated_at", "2021-01-14 16:38:10.871870"]]
  [1m[35m (11.1ms)[0m  [1m[35mCOMMIT[0m
  [1m[35m (0.1ms)[0m  [1m[35mBEGIN[0m
  [1m[36mActivity Create (0.2ms)[0m  [1m[32mINSERT INTO "activities" ("name", "video_link", "avatar", "created_at", "updated_at") VALUES ($1, $2, $3, $4, $5) RETURNING "id"[0m  [["name", "sidewalk art"], ["video_link", ""], ["avatar", ""], ["created_at", "2021-01-14 16:38:10.885979"], ["updated_at", "2021-01-14 16:38:10.885979"]]
  [1m[35m (6.3ms)[0m  [1m[35mCOMMIT[0m
  [1m[35m (0.1ms)[0m  [1m[35mBEGIN[0m
  [1m[36mDrawing Create (0.3ms)[0m  [1m[32mINSERT INTO "drawings" ("svgdrawing", "created_at", "updated_at") VALUES ($1, $2, $3) RETURNING "id"[0m  [["svgdrawing", "boop"], ["created_at", "2021-01-14 16:38:10.895498"], ["updated_at", "2021-01-14 16:38:10.895498"]]
  [1m[35m (0.4ms)[0m  [1m[35mCOMMIT[0m
  [1m[35m (0.1ms)[0m  [1m[35mBEGIN[0m
  [1m[36mDrawing Create (0.2ms)[0m  [1m[32mINSERT INTO "drawings" ("svgdrawing", "created_at", "updated_at") VALUES ($1, $2, $3) RETURNING "id"[0m  [["svgdrawing", "boop"], ["created_at", "2021-01-14 16:38:10.899940"], ["updated_at", "2021-01-14 16:38:10.899940"]]
  [1m[35m (0.5ms)[0m  [1m[35mCOMMIT[0m
  [1m[35m (0.1ms)[0m  [1m[35mBEGIN[0m
  [1m[36mDrawing Create (1.0ms)[0m  [1m[32mINSERT INTO "drawings" ("svgdrawing", "created_at", "updated_at") VALUES ($1, $2, $3) RETURNING "id"[0m  [["svgdrawing", "boop"], ["created_at", "2021-01-14 16:38:10.903475"], ["updated_at", "2021-01-14 16:38:10.903475"]]
  [1m[35m (0.5ms)[0m  [1m[35mCOMMIT[0m
  [1m[36mDrawing Load (0.3ms)[0m  [1m[34mSELECT "drawings".* FROM "drawings" LIMIT $1[0m  [["LIMIT", 11]]
  [1m[35m (0.9ms)[0m  [1m[34mSELECT "schema_migrations"."version" FROM "schema_migrations" ORDER BY "schema_migrations"."version" ASC[0m
  [1m[36mUser Load (0.5ms)[0m  [1m[34mSELECT "users".* FROM "users"[0m
  [1m[35m (0.2ms)[0m  [1m[35mBEGIN[0m
  [1m[36mUser Destroy (0.4ms)[0m  [1m[31mDELETE FROM "users" WHERE "users"."id" = $1[0m  [["id", 7]]
  [1m[35m (6.6ms)[0m  [1m[35mCOMMIT[0m
  [1m[35m (0.2ms)[0m  [1m[35mBEGIN[0m
  [1m[36mUser Destroy (0.4ms)[0m  [1m[31mDELETE FROM "users" WHERE "users"."id" = $1[0m  [["id", 8]]
  [1m[35m (11.6ms)[0m  [1m[35mCOMMIT[0m
  [1m[35m (0.1ms)[0m  [1m[35mBEGIN[0m
  [1m[36mUser Destroy (0.2ms)[0m  [1m[31mDELETE FROM "users" WHERE "users"."id" = $1[0m  [["id", 9]]
  [1m[35m (0.4ms)[0m  [1m[35mCOMMIT[0m
  [1m[36mActivity Load (0.4ms)[0m  [1m[34mSELECT "activities".* FROM "activities"[0m
  [1m[35m (0.1ms)[0m  [1m[35mBEGIN[0m
  [1m[36mActivity Destroy (0.2ms)[0m  [1m[31mDELETE FROM "activities" WHERE "activities"."id" = $1[0m  [["id", 11]]
  [1m[35m (5.6ms)[0m  [1m[35mCOMMIT[0m
  [1m[35m (0.2ms)[0m  [1m[35mBEGIN[0m
  [1m[36mActivity Destroy (0.3ms)[0m  [1m[31mDELETE FROM "activities" WHERE "activities"."id" = $1[0m  [["id", 12]]
  [1m[35m (4.4ms)[0m  [1m[35mCOMMIT[0m
  [1m[35m (0.2ms)[0m  [1m[35mBEGIN[0m
  [1m[36mActivity Destroy (0.3ms)[0m  [1m[31mDELETE FROM "activities" WHERE "activities"."id" = $1[0m  [["id", 13]]
  [1m[35m (0.5ms)[0m  [1m[35mCOMMIT[0m
  [1m[35m (0.1ms)[0m  [1m[35mBEGIN[0m
  [1m[36mActivity Destroy (0.4ms)[0m  [1m[31mDELETE FROM "activities" WHERE "activities"."id" = $1[0m  [["id", 14]]
  [1m[35m (0.5ms)[0m  [1m[35mCOMMIT[0m
  [1m[35m (0.1ms)[0m  [1m[35mBEGIN[0m
  [1m[36mActivity Destroy (0.2ms)[0m  [1m[31mDELETE FROM "activities" WHERE "activities"."id" = $1[0m  [["id", 15]]
  [1m[35m (0.4ms)[0m  [1m[35mCOMMIT[0m
  [1m[36mDrawing Load (0.5ms)[0m  [1m[34mSELECT "drawings".* FROM "drawings"[0m
  [1m[35m (0.1ms)[0m  [1m[35mBEGIN[0m
  [1m[36mDrawing Destroy (0.2ms)[0m  [1m[31mDELETE FROM "drawings" WHERE "drawings"."id" = $1[0m  [["id", 4]]
  [1m[35m (5.7ms)[0m  [1m[35mCOMMIT[0m
  [1m[35m (0.2ms)[0m  [1m[35mBEGIN[0m
  [1m[36mDrawing Destroy (0.3ms)[0m  [1m[31mDELETE FROM "drawings" WHERE "drawings"."id" = $1[0m  [["id", 5]]
  [1m[35m (22.5ms)[0m  [1m[35mCOMMIT[0m
  [1m[35m (0.2ms)[0m  [1m[35mBEGIN[0m
  [1m[36mDrawing Destroy (0.4ms)[0m  [1m[31mDELETE FROM "drawings" WHERE "drawings"."id" = $1[0m  [["id", 6]]
  [1m[35m (0.6ms)[0m  [1m[35mCOMMIT[0m
  [1m[36mFavoriteActivity Load (0.5ms)[0m  [1m[34mSELECT "favorite_activities".* FROM "favorite_activities"[0m
  [1m[36mFavoriteDrawing Load (0.5ms)[0m  [1m[34mSELECT "favorite_drawings".* FROM "favorite_drawings"[0m
  [1m[35m (0.2ms)[0m  [1m[35mBEGIN[0m
  [1m[36mUser Create (0.4ms)[0m  [1m[32mINSERT INTO "users" ("username", "password", "avatar", "created_at", "updated_at") VALUES ($1, $2, $3, $4, $5) RETURNING "id"[0m  [["username", "LovelyLeo"], ["password", "123"], ["avatar", ""], ["created_at", "2021-01-14 16:42:15.909574"], ["updated_at", "2021-01-14 16:42:15.909574"]]
  [1m[35m (6.2ms)[0m  [1m[35mCOMMIT[0m
  [1m[35m (0.3ms)[0m  [1m[35mBEGIN[0m
  [1m[36mUser Create (0.3ms)[0m  [1m[32mINSERT INTO "users" ("username", "password", "avatar", "created_at", "updated_at") VALUES ($1, $2, $3, $4, $5) RETURNING "id"[0m  [["username", "LilacBloomin"], ["password", "123"], ["avatar", ""], ["created_at", "2021-01-14 16:42:15.920100"], ["updated_at", "2021-01-14 16:42:15.920100"]]
  [1m[35m (22.3ms)[0m  [1m[35mCOMMIT[0m
  [1m[35m (0.2ms)[0m  [1m[35mBEGIN[0m
  [1m[36mUser Create (0.3ms)[0m  [1m[32mINSERT INTO "users" ("username", "password", "avatar", "created_at", "updated_at") VALUES ($1, $2, $3, $4, $5) RETURNING "id"[0m  [["username", "RedTruckin"], ["password", "123"], ["avatar", ""], ["created_at", "2021-01-14 16:42:15.946559"], ["updated_at", "2021-01-14 16:42:15.946559"]]
  [1m[35m (5.4ms)[0m  [1m[35mCOMMIT[0m
  [1m[35m (0.2ms)[0m  [1m[35mBEGIN[0m
  [1m[36mActivity Create (0.4ms)[0m  [1m[32mINSERT INTO "activities" ("name", "video_link", "avatar", "created_at", "updated_at") VALUES ($1, $2, $3, $4, $5) RETURNING "id"[0m  [["name", "music"], ["video_link", ""], ["avatar", ""], ["created_at", "2021-01-14 16:42:15.957332"], ["updated_at", "2021-01-14 16:42:15.957332"]]
  [1m[35m (5.3ms)[0m  [1m[35mCOMMIT[0m
  [1m[35m (0.3ms)[0m  [1m[35mBEGIN[0m
  [1m[36mActivity Create (0.4ms)[0m  [1m[32mINSERT INTO "activities" ("name", "video_link", "avatar", "created_at", "updated_at") VALUES ($1, $2, $3, $4, $5) RETURNING "id"[0m  [["name", "games"], ["video_link", ""], ["avatar", ""], ["created_at", "2021-01-14 16:42:15.967133"], ["updated_at", "2021-01-14 16:42:15.967133"]]
  [1m[35m (0.4ms)[0m  [1m[35mCOMMIT[0m
  [1m[35m (0.2ms)[0m  [1m[35mBEGIN[0m
  [1m[36mActivity Create (0.4ms)[0m  [1m[32mINSERT INTO "activities" ("name", "video_link", "avatar", "created_at", "updated_at") VALUES ($1, $2, $3, $4, $5) RETURNING "id"[0m  [["name", "puppets"], ["video_link", ""], ["avatar", ""], ["created_at", "2021-01-14 16:42:15.973536"], ["updated_at", "2021-01-14 16:42:15.973536"]]
  [1m[35m (0.4ms)[0m  [1m[35mCOMMIT[0m
  [1m[35m (0.2ms)[0m  [1m[35mBEGIN[0m
  [1m[36mActivity Create (0.6ms)[0m  [1m[32mINSERT INTO "activities" ("name", "video_link", "avatar", "created_at", "updated_at") VALUES ($1, $2, $3, $4, $5) RETURNING "id"[0m  [["name", "nap time"], ["video_link", ""], ["avatar", ""], ["created_at", "2021-01-14 16:42:15.977285"], ["updated_at", "2021-01-14 16:42:15.977285"]]
  [1m[35m (0.5ms)[0m  [1m[35mCOMMIT[0m
  [1m[35m (0.2ms)[0m  [1m[35mBEGIN[0m
  [1m[36mActivity Create (0.2ms)[0m  [1m[32mINSERT INTO "activities" ("name", "video_link", "avatar", "created_at", "updated_at") VALUES ($1, $2, $3, $4, $5) RETURNING "id"[0m  [["name", "sidewalk art"], ["video_link", ""], ["avatar", ""], ["created_at", "2021-01-14 16:42:15.984286"], ["updated_at", "2021-01-14 16:42:15.984286"]]
  [1m[35m (0.4ms)[0m  [1m[35mCOMMIT[0m
  [1m[35m (0.4ms)[0m  [1m[35mBEGIN[0m
  [1m[36mDrawing Create (0.3ms)[0m  [1m[32mINSERT INTO "drawings" ("svgdrawing", "created_at", "updated_at") VALUES ($1, $2, $3) RETURNING "id"[0m  [["svgdrawing", "boop"], ["created_at", "2021-01-14 16:42:15.988523"], ["updated_at", "2021-01-14 16:42:15.988523"]]
  [1m[35m (0.5ms)[0m  [1m[35mCOMMIT[0m
  [1m[35m (0.1ms)[0m  [1m[35mBEGIN[0m
  [1m[36mDrawing Create (0.2ms)[0m  [1m[32mINSERT INTO "drawings" ("svgdrawing", "created_at", "updated_at") VALUES ($1, $2, $3) RETURNING "id"[0m  [["svgdrawing", "boop"], ["created_at", "2021-01-14 16:42:15.993512"], ["updated_at", "2021-01-14 16:42:15.993512"]]
  [1m[35m (0.5ms)[0m  [1m[35mCOMMIT[0m
  [1m[35m (0.1ms)[0m  [1m[35mBEGIN[0m
  [1m[36mDrawing Create (0.3ms)[0m  [1m[32mINSERT INTO "drawings" ("svgdrawing", "created_at", "updated_at") VALUES ($1, $2, $3) RETURNING "id"[0m  [["svgdrawing", "boop"], ["created_at", "2021-01-14 16:42:15.997013"], ["updated_at", "2021-01-14 16:42:15.997013"]]
  [1m[35m (0.7ms)[0m  [1m[35mCOMMIT[0m
  [1m[35m (0.2ms)[0m  [1m[35mBEGIN[0m
  [1m[36mUser Load (0.2ms)[0m  [1m[34mSELECT "users".* FROM "users" WHERE "users"."id" = $1 LIMIT $2[0m  [["id", 10], ["LIMIT", 1]]
  [1m[36mFavoriteActivity Create (0.6ms)[0m  [1m[32mINSERT INTO "favorite_activities" ("user_id", "activity_id", "created_at", "updated_at") VALUES ($1, $2, $3, $4) RETURNING "id"[0m  [["user_id", 10], ["activity_id", 16], ["created_at", "2021-01-14 16:42:16.043504"], ["updated_at", "2021-01-14 16:42:16.043504"]]
  [1m[35m (17.2ms)[0m  [1m[35mCOMMIT[0m
  [1m[35m (0.1ms)[0m  [1m[35mBEGIN[0m
  [1m[36mUser Load (0.3ms)[0m  [1m[34mSELECT "users".* FROM "users" WHERE "users"."id" = $1 LIMIT $2[0m  [["id", 10], ["LIMIT", 1]]
  [1m[36mFavoriteDrawing Create (0.6ms)[0m  [1m[32mINSERT INTO "favorite_drawings" ("user_id", "drawing_id", "created_at", "updated_at") VALUES ($1, $2, $3, $4) RETURNING "id"[0m  [["user_id", 10], ["drawing_id", 7], ["created_at", "2021-01-14 16:42:16.073040"], ["updated_at", "2021-01-14 16:42:16.073040"]]
  [1m[35m (0.4ms)[0m  [1m[35mCOMMIT[0m
  [1m[36mDrawing Load (0.3ms)[0m  [1m[34mSELECT "drawings".* FROM "drawings" LIMIT $1[0m  [["LIMIT", 11]]
  [1m[36mUser Load (0.3ms)[0m  [1m[34mSELECT "users".* FROM "users" LIMIT $1[0m  [["LIMIT", 11]]
  [1m[36mUser Load (0.3ms)[0m  [1m[34mSELECT "users".* FROM "users" ORDER BY "users"."id" ASC LIMIT $1[0m  [["LIMIT", 1]]
  [1m[36mUser Load (0.5ms)[0m  [1m[34mSELECT "users".* FROM "users" ORDER BY "users"."id" ASC LIMIT $1[0m  [["LIMIT", 1]]
  [1m[36mFavoriteActivity Load (0.4ms)[0m  [1m[34mSELECT "favorite_activities".* FROM "favorite_activities" WHERE "favorite_activities"."user_id" = $1 LIMIT $2[0m  [["user_id", 10], ["LIMIT", 11]]
  [1m[36mFavoriteDrawing Load (0.3ms)[0m  [1m[34mSELECT "favorite_drawings".* FROM "favorite_drawings" WHERE "favorite_drawings"."user_id" = $1 LIMIT $2[0m  [["user_id", 10], ["LIMIT", 11]]
Started GET "/users" for ::1 at 2021-01-14 11:53:38 -0500
  [1m[35m (0.9ms)[0m  [1m[34mSELECT "schema_migrations"."version" FROM "schema_migrations" ORDER BY "schema_migrations"."version" ASC[0m
  
ActionController::RoutingError (No route matches [GET] "/users"):
  
actionpack (6.0.3.4) lib/action_dispatch/middleware/debug_exceptions.rb:36:in `call'
actionpack (6.0.3.4) lib/action_dispatch/middleware/show_exceptions.rb:33:in `call'
railties (6.0.3.4) lib/rails/rack/logger.rb:37:in `call_app'
railties (6.0.3.4) lib/rails/rack/logger.rb:26:in `block in call'
activesupport (6.0.3.4) lib/active_support/tagged_logging.rb:80:in `block in tagged'
activesupport (6.0.3.4) lib/active_support/tagged_logging.rb:28:in `tagged'
activesupport (6.0.3.4) lib/active_support/tagged_logging.rb:80:in `tagged'
railties (6.0.3.4) lib/rails/rack/logger.rb:26:in `call'
actionpack (6.0.3.4) lib/action_dispatch/middleware/remote_ip.rb:81:in `call'
actionpack (6.0.3.4) lib/action_dispatch/middleware/request_id.rb:27:in `call'
rack (2.2.3) lib/rack/runtime.rb:22:in `call'
activesupport (6.0.3.4) lib/active_support/cache/strategy/local_cache_middleware.rb:29:in `call'
actionpack (6.0.3.4) lib/action_dispatch/middleware/executor.rb:14:in `call'
actionpack (6.0.3.4) lib/action_dispatch/middleware/static.rb:126:in `call'
rack (2.2.3) lib/rack/sendfile.rb:110:in `call'
actionpack (6.0.3.4) lib/action_dispatch/middleware/host_authorization.rb:82:in `call'
railties (6.0.3.4) lib/rails/engine.rb:527:in `call'
puma (4.3.7) lib/puma/configuration.rb:228:in `call'
puma (4.3.7) lib/puma/server.rb:713:in `handle_request'
puma (4.3.7) lib/puma/server.rb:472:in `process_client'
puma (4.3.7) lib/puma/server.rb:328:in `block in run'
puma (4.3.7) lib/puma/thread_pool.rb:134:in `block in spawn_thread'
Started GET "/users" for ::1 at 2021-01-14 11:53:44 -0500
  
ActionController::RoutingError (No route matches [GET] "/users"):
  
actionpack (6.0.3.4) lib/action_dispatch/middleware/debug_exceptions.rb:36:in `call'
actionpack (6.0.3.4) lib/action_dispatch/middleware/show_exceptions.rb:33:in `call'
railties (6.0.3.4) lib/rails/rack/logger.rb:37:in `call_app'
railties (6.0.3.4) lib/rails/rack/logger.rb:26:in `block in call'
activesupport (6.0.3.4) lib/active_support/tagged_logging.rb:80:in `block in tagged'
activesupport (6.0.3.4) lib/active_support/tagged_logging.rb:28:in `tagged'
activesupport (6.0.3.4) lib/active_support/tagged_logging.rb:80:in `tagged'
railties (6.0.3.4) lib/rails/rack/logger.rb:26:in `call'
actionpack (6.0.3.4) lib/action_dispatch/middleware/remote_ip.rb:81:in `call'
actionpack (6.0.3.4) lib/action_dispatch/middleware/request_id.rb:27:in `call'
rack (2.2.3) lib/rack/runtime.rb:22:in `call'
activesupport (6.0.3.4) lib/active_support/cache/strategy/local_cache_middleware.rb:29:in `call'
actionpack (6.0.3.4) lib/action_dispatch/middleware/executor.rb:14:in `call'
actionpack (6.0.3.4) lib/action_dispatch/middleware/static.rb:126:in `call'
rack (2.2.3) lib/rack/sendfile.rb:110:in `call'
actionpack (6.0.3.4) lib/action_dispatch/middleware/host_authorization.rb:82:in `call'
railties (6.0.3.4) lib/rails/engine.rb:527:in `call'
puma (4.3.7) lib/puma/configuration.rb:228:in `call'
puma (4.3.7) lib/puma/server.rb:713:in `handle_request'
puma (4.3.7) lib/puma/server.rb:472:in `process_client'
puma (4.3.7) lib/puma/server.rb:328:in `block in run'
puma (4.3.7) lib/puma/thread_pool.rb:134:in `block in spawn_thread'
Started GET "/drawings" for ::1 at 2021-01-14 11:53:51 -0500
  
ActionController::RoutingError (No route matches [GET] "/drawings"):
  
actionpack (6.0.3.4) lib/action_dispatch/middleware/debug_exceptions.rb:36:in `call'
actionpack (6.0.3.4) lib/action_dispatch/middleware/show_exceptions.rb:33:in `call'
railties (6.0.3.4) lib/rails/rack/logger.rb:37:in `call_app'
railties (6.0.3.4) lib/rails/rack/logger.rb:26:in `block in call'
activesupport (6.0.3.4) lib/active_support/tagged_logging.rb:80:in `block in tagged'
activesupport (6.0.3.4) lib/active_support/tagged_logging.rb:28:in `tagged'
activesupport (6.0.3.4) lib/active_support/tagged_logging.rb:80:in `tagged'
railties (6.0.3.4) lib/rails/rack/logger.rb:26:in `call'
actionpack (6.0.3.4) lib/action_dispatch/middleware/remote_ip.rb:81:in `call'
actionpack (6.0.3.4) lib/action_dispatch/middleware/request_id.rb:27:in `call'
rack (2.2.3) lib/rack/runtime.rb:22:in `call'
activesupport (6.0.3.4) lib/active_support/cache/strategy/local_cache_middleware.rb:29:in `call'
actionpack (6.0.3.4) lib/action_dispatch/middleware/executor.rb:14:in `call'
actionpack (6.0.3.4) lib/action_dispatch/middleware/static.rb:126:in `call'
rack (2.2.3) lib/rack/sendfile.rb:110:in `call'
actionpack (6.0.3.4) lib/action_dispatch/middleware/host_authorization.rb:82:in `call'
railties (6.0.3.4) lib/rails/engine.rb:527:in `call'
puma (4.3.7) lib/puma/configuration.rb:228:in `call'
puma (4.3.7) lib/puma/server.rb:713:in `handle_request'
puma (4.3.7) lib/puma/server.rb:472:in `process_client'
puma (4.3.7) lib/puma/server.rb:328:in `block in run'
puma (4.3.7) lib/puma/thread_pool.rb:134:in `block in spawn_thread'
Started GET "/drawings" for ::1 at 2021-01-14 11:55:31 -0500
Processing by DrawingsController#index as HTML
  [1m[36mDrawing Load (0.9ms)[0m  [1m[34mSELECT "drawings".* FROM "drawings"[0m
  ↳ app/controllers/drawings_controller.rb:4:in `index'
Completed 200 OK in 21ms (Views: 7.5ms | ActiveRecord: 6.2ms | Allocations: 5841)


Started GET "/users" for ::1 at 2021-01-14 11:55:37 -0500
Processing by UsersController#index as HTML
  [1m[36mUser Load (0.7ms)[0m  [1m[34mSELECT "users".* FROM "users"[0m
  ↳ app/controllers/users_controller.rb:5:in `index'
Completed 200 OK in 21ms (Views: 9.0ms | ActiveRecord: 3.5ms | Allocations: 7478)


Started GET "/" for ::1 at 2021-01-14 14:44:58 -0500
Processing by Rails::WelcomeController#index as HTML
  Rendering /Users/alyssaeasterly/.rvm/gems/ruby-2.6.1/gems/railties-6.0.3.4/lib/rails/templates/rails/welcome/index.html.erb
  Rendered /Users/alyssaeasterly/.rvm/gems/ruby-2.6.1/gems/railties-6.0.3.4/lib/rails/templates/rails/welcome/index.html.erb (Duration: 57.0ms | Allocations: 196)
Completed 200 OK in 69ms (Views: 61.1ms | ActiveRecord: 0.0ms | Allocations: 735)


